0 info it worked if it ends with ok
1 verbose cli [ '/home/knock-in/.nvm/versions/node/v5.9.1/bin/node',
1 verbose cli   '/home/knock-in/.nvm/versions/node/v5.9.1/bin/npm',
1 verbose cli   'start' ]
2 info using npm@3.8.3
3 info using node@v5.9.1
4 verbose run-script [ 'prestart', 'start', 'poststart' ]
5 info lifecycle brobot@1.0.4~prestart: brobot@1.0.4
6 silly lifecycle brobot@1.0.4~prestart: no script for prestart, continuing
7 info lifecycle brobot@1.0.4~start: brobot@1.0.4
8 verbose lifecycle brobot@1.0.4~start: unsafe-perm in lifecycle true
9 verbose lifecycle brobot@1.0.4~start: PATH: /home/knock-in/.nvm/versions/node/v5.9.1/lib/node_modules/npm/bin/node-gyp-bin:/win8/Users/Dardan/Projects/nodejs/brobot/node_modules/.bin:/home/knock-in/.nvm/versions/node/v5.9.1/bin:/home/knock-in/.rvm/gems/ruby-2.0.0-p643/bin:/home/knock-in/.rvm/gems/ruby-2.0.0-p643@global/bin:/home/knock-in/.rvm/rubies/ruby-2.0.0-p643/bin:/home/knock-in/.nvm/versions/node/v5.9.1/bin:/usr/local/heroku/bin:/home/knock-in/Android/Sdk/platform-tools:/home/knock-in/Android/Sdk/tools:/usr/local/heroku/bin:/home/knock-in/Android/Sdk/platform-tools:/home/knock-in/Android/Sdk/tools:/home/knock-in/.local/share/umake/bin:/usr/local/sbin:/usr/local/bin:/usr/sbin:/usr/bin:/sbin:/bin:/usr/games:/usr/local/games:/usr/local/go/bin:/home/knock-in/.rvm/bin
10 verbose lifecycle brobot@1.0.4~start: CWD: /win8/Users/Dardan/Projects/nodejs/brobot
11 silly lifecycle brobot@1.0.4~start: Args: [ '-c', 'node dist/app.js' ]
12 silly lifecycle brobot@1.0.4~start: Returned: code: 1  signal: null
13 info lifecycle brobot@1.0.4~start: Failed to exec start script
14 verbose stack Error: brobot@1.0.4 start: `node dist/app.js`
14 verbose stack Exit status 1
14 verbose stack     at EventEmitter.<anonymous> (/home/knock-in/.nvm/versions/node/v5.9.1/lib/node_modules/npm/lib/utils/lifecycle.js:239:16)
14 verbose stack     at emitTwo (events.js:100:13)
14 verbose stack     at EventEmitter.emit (events.js:185:7)
14 verbose stack     at ChildProcess.<anonymous> (/home/knock-in/.nvm/versions/node/v5.9.1/lib/node_modules/npm/lib/utils/spawn.js:24:14)
14 verbose stack     at emitTwo (events.js:100:13)
14 verbose stack     at ChildProcess.emit (events.js:185:7)
14 verbose stack     at maybeClose (internal/child_process.js:850:16)
14 verbose stack     at Process.ChildProcess._handle.onexit (internal/child_process.js:215:5)
15 verbose pkgid brobot@1.0.4
16 verbose cwd /win8/Users/Dardan/Projects/nodejs/brobot
17 error Linux 4.2.0-35-generic
18 error argv "/home/knock-in/.nvm/versions/node/v5.9.1/bin/node" "/home/knock-in/.nvm/versions/node/v5.9.1/bin/npm" "start"
19 error node v5.9.1
20 error npm  v3.8.3
21 error code ELIFECYCLE
22 error brobot@1.0.4 start: `node dist/app.js`
22 error Exit status 1
23 error Failed at the brobot@1.0.4 start script 'node dist/app.js'.
23 error Make sure you have the latest version of node.js and npm installed.
23 error If you do, this is most likely a problem with the brobot package,
23 error not with npm itself.
23 error Tell the author that this fails on your system:
23 error     node dist/app.js
23 error You can get information on how to open an issue for this project with:
23 error     npm bugs brobot
23 error Or if that isn't available, you can get their info via:
23 error     npm owner ls brobot
23 error There is likely additional logging output above.
24 verbose exit [ 1, true ]
